<?xml version="1.0" encoding="UTF-8"?>
<testng-results ignored="0" total="1" passed="1" failed="0" skipped="0">
  <reporter-output>
  </reporter-output>
  <suite started-at="2023-04-10T12:13:19Z" name="Default suite" finished-at="2023-04-10T12:13:33Z" duration-ms="14068">
    <groups>
    </groups>
    <test started-at="2023-04-10T12:13:19Z" name="Default test" finished-at="2023-04-10T12:13:33Z" duration-ms="14068">
      <class name="scripts.TestInvalidLogin">
        <test-method is-config="true" signature="openApp()[pri:0, instance:scripts.TestInvalidLogin@5b799640]" started-at="2023-04-10T12:13:19Z" name="openApp" finished-at="2023-04-10T12:13:30Z" duration-ms="11027" status="PASS">
          <reporter-output>
          </reporter-output>
        </test-method> <!-- openApp -->
        <test-method signature="testInvalidLogin()[pri:2, instance:scripts.TestInvalidLogin@5b799640]" started-at="2023-04-10T12:13:30Z" name="testInvalidLogin" finished-at="2023-04-10T12:13:33Z" duration-ms="2852" status="PASS">
          <reporter-output>
          </reporter-output>
        </test-method> <!-- testInvalidLogin -->
        <test-method is-config="true" signature="closeApp()[pri:0, instance:scripts.TestInvalidLogin@5b799640]" started-at="2023-04-10T12:13:33Z" name="closeApp" finished-at="2023-04-10T12:13:33Z" duration-ms="163" status="PASS">
          <reporter-output>
          </reporter-output>
        </test-method> <!-- closeApp -->
      </class> <!-- scripts.TestInvalidLogin -->
    </test> <!-- Default test -->
  </suite> <!-- Default suite -->
</testng-results>
