<?xml version="1.0" encoding="UTF-8"?>
<testng-results ignored="0" total="2" passed="2" failed="0" skipped="0">
  <reporter-output>
  </reporter-output>
  <suite started-at="2023-03-26T14:51:02Z" name="Suite" finished-at="2023-03-26T14:51:22Z" duration-ms="20068">
    <groups>
    </groups>
    <test started-at="2023-03-26T14:51:02Z" name="Test" finished-at="2023-03-26T14:51:22Z" duration-ms="20068">
      <class name="scripts.TestValidLogin">
        <test-method is-config="true" signature="openApp()[pri:0, instance:scripts.TestValidLogin@6f01b95f]" started-at="2023-03-26T14:51:02Z" name="openApp" finished-at="2023-03-26T14:51:12Z" duration-ms="10237" status="PASS">
          <reporter-output>
          </reporter-output>
        </test-method> <!-- openApp -->
        <test-method signature="testValidLogin()[pri:1, instance:scripts.TestValidLogin@6f01b95f]" started-at="2023-03-26T14:51:12Z" name="testValidLogin" finished-at="2023-03-26T14:51:12Z" duration-ms="219" status="PASS">
          <reporter-output>
          </reporter-output>
        </test-method> <!-- testValidLogin -->
        <test-method is-config="true" signature="closeApp()[pri:0, instance:scripts.TestValidLogin@6f01b95f]" started-at="2023-03-26T14:51:12Z" name="closeApp" finished-at="2023-03-26T14:51:12Z" duration-ms="211" status="PASS">
          <reporter-output>
          </reporter-output>
        </test-method> <!-- closeApp -->
      </class> <!-- scripts.TestValidLogin -->
      <class name="scripts.TestInvalidLogin">
        <test-method is-config="true" signature="openApp()[pri:0, instance:scripts.TestInvalidLogin@7d900ecf]" started-at="2023-03-26T14:51:12Z" name="openApp" finished-at="2023-03-26T14:51:20Z" duration-ms="7225" status="PASS">
          <reporter-output>
          </reporter-output>
        </test-method> <!-- openApp -->
        <test-method signature="testInvalidLogin()[pri:2, instance:scripts.TestInvalidLogin@7d900ecf]" started-at="2023-03-26T14:51:20Z" name="testInvalidLogin" finished-at="2023-03-26T14:51:22Z" duration-ms="1935" status="PASS">
          <reporter-output>
          </reporter-output>
        </test-method> <!-- testInvalidLogin -->
        <test-method is-config="true" signature="closeApp()[pri:0, instance:scripts.TestInvalidLogin@7d900ecf]" started-at="2023-03-26T14:51:22Z" name="closeApp" finished-at="2023-03-26T14:51:22Z" duration-ms="222" status="PASS">
          <reporter-output>
          </reporter-output>
        </test-method> <!-- closeApp -->
      </class> <!-- scripts.TestInvalidLogin -->
    </test> <!-- Test -->
  </suite> <!-- Suite -->
</testng-results>
